============================= test session starts ==============================
platform linux -- Python 3.9.2, pytest-8.4.2, pluggy-1.6.0 -- /usr/bin/python3
cachedir: .pytest_cache
rootdir: /home/ludmila/Documentos/faculdade/criptografia/Projeto-COFRE-AES
plugins: anyio-4.12.1
collecting ... collected 56 items

tests/test_api.py::test_ciclo_completo PASSED                            [  1%]
tests/test_api.py::test_autenticacao_em_todas_as_rotas[headers0-post-/abrir-None] PASSED [  3%]
tests/test_api.py::test_autenticacao_em_todas_as_rotas[headers0-post-/segredos-payload1] PASSED [  5%]
tests/test_api.py::test_autenticacao_em_todas_as_rotas[headers0-get-/segredos-None] PASSED [  7%]
tests/test_api.py::test_autenticacao_em_todas_as_rotas[headers0-get-/segredos/{id}-None] PASSED [  8%]
tests/test_api.py::test_autenticacao_em_todas_as_rotas[headers0-put-/segredos/{id}-payload4] PASSED [ 10%]
tests/test_api.py::test_autenticacao_em_todas_as_rotas[headers0-delete-/segredos/{id}-None] PASSED [ 12%]
tests/test_api.py::test_autenticacao_em_todas_as_rotas[headers1-post-/abrir-None] PASSED [ 14%]
tests/test_api.py::test_autenticacao_em_todas_as_rotas[headers1-post-/segredos-payload1] PASSED [ 16%]
tests/test_api.py::test_autenticacao_em_todas_as_rotas[headers1-get-/segredos-None] PASSED [ 17%]
tests/test_api.py::test_autenticacao_em_todas_as_rotas[headers1-get-/segredos/{id}-None] PASSED [ 19%]
tests/test_api.py::test_autenticacao_em_todas_as_rotas[headers1-put-/segredos/{id}-payload4] PASSED [ 21%]
tests/test_api.py::test_autenticacao_em_todas_as_rotas[headers1-delete-/segredos/{id}-None] PASSED [ 23%]
tests/test_api.py::test_cofre_inexistente[post-/abrir-None] PASSED       [ 25%]
tests/test_api.py::test_cofre_inexistente[post-/segredos-payload1] PASSED [ 26%]
tests/test_api.py::test_cofre_inexistente[get-/segredos-None] PASSED     [ 28%]
tests/test_api.py::test_cofre_inexistente[get-/segredos/{id}-None] PASSED [ 30%]
tests/test_api.py::test_cofre_inexistente[put-/segredos/{id}-payload4] PASSED [ 32%]
tests/test_api.py::test_cofre_inexistente[delete-/segredos/{id}-None] PASSED [ 33%]
tests/test_api.py::test_segredo_inexistente[899083be-f053-48c7-93ee-f4ef2ca4fee7-get] PASSED [ 35%]
tests/test_api.py::test_segredo_inexistente[899083be-f053-48c7-93ee-f4ef2ca4fee7-put] PASSED [ 37%]
tests/test_api.py::test_segredo_inexistente[899083be-f053-48c7-93ee-f4ef2ca4fee7-delete] PASSED [ 39%]
tests/test_api.py::test_segredo_inexistente[inexistente-get] PASSED      [ 41%]
tests/test_api.py::test_segredo_inexistente[inexistente-put] PASSED      [ 42%]
tests/test_api.py::test_segredo_inexistente[inexistente-delete] PASSED   [ 44%]
tests/test_api.py::test_valueerror_verificador[post-/abrir-None] PASSED  [ 46%]
tests/test_api.py::test_valueerror_verificador[post-/segredos-payload1] PASSED [ 48%]
tests/test_api.py::test_valueerror_verificador[get-/segredos-None] PASSED [ 50%]
tests/test_api.py::test_valueerror_verificador[get-/segredos/{id}-None] PASSED [ 51%]
tests/test_api.py::test_valueerror_verificador[put-/segredos/{id}-payload4] PASSED [ 53%]
tests/test_api.py::test_valueerror_verificador[delete-/segredos/{id}-None] PASSED [ 55%]
tests/test_api.py::test_segredo_adulterado PASSED                        [ 57%]
tests/test_api.py::test_validacao PASSED                                 [ 58%]
tests/test_api.py::test_falha_banco[post-/abrir-None] PASSED             [ 60%]
tests/test_api.py::test_falha_banco[post-/segredos-payload1] PASSED      [ 62%]
tests/test_api.py::test_falha_banco[get-/segredos-None] PASSED           [ 64%]
tests/test_api.py::test_falha_banco[get-/segredos/{id}-None] PASSED      [ 66%]
tests/test_api.py::test_falha_banco[put-/segredos/{id}-payload4] PASSED  [ 67%]
tests/test_api.py::test_falha_banco[delete-/segredos/{id}-None] PASSED   [ 69%]
tests/test_api.py::test_docs PASSED                                      [ 71%]
tests/test_api.py::test_criar_cofre_falha_banco PASSED                   [ 73%]
tests/test_api.py::test_segredo_de_outro_cofre[get] PASSED               [ 75%]
tests/test_api.py::test_segredo_de_outro_cofre[put] PASSED               [ 76%]
tests/test_api.py::test_segredo_de_outro_cofre[delete] PASSED            [ 78%]
tests/test_api.py::test_abrir_cofre PASSED                               [ 80%]
tests/test_api.py::test_nonces_distintos_e_troca_de_criptogramas PASSED  [ 82%]
tests/test_api.py::test_cofre_id_invalido[post-/abrir-None] PASSED       [ 83%]
tests/test_api.py::test_cofre_id_invalido[post-/segredos-payload1] PASSED [ 85%]
tests/test_api.py::test_cofre_id_invalido[get-/segredos-None] PASSED     [ 87%]
tests/test_api.py::test_cofre_id_invalido[get-/segredos/{id}-None] PASSED [ 89%]
tests/test_api.py::test_cofre_id_invalido[put-/segredos/{id}-payload4] PASSED [ 91%]
tests/test_api.py::test_cofre_id_invalido[delete-/segredos/{id}-None] PASSED [ 92%]
tests/test_api.py::test_senha_unicode_e_vazia PASSED                     [ 94%]
tests/test_banco.py::test_contrato_do_banco PASSED                       [ 96%]
tests/test_cripto.py::test_parametros_e_pbkdf2 PASSED                    [ 98%]
tests/test_cripto.py::test_aad_verificador PASSED                        [100%]

=============================== warnings summary ===============================
tests/test_banco.py::test_contrato_do_banco
  /tmp/cofre-api-deps/supabase/_sync/auth_client.py:46: DeprecationWarning: Python versions below 3.10 are deprecated and will not be supported in future versions. Please upgrade to Python 3.10 or newer.
    super().__init__(

tests/test_banco.py::test_contrato_do_banco
  /tmp/cofre-api-deps/supabase/_sync/client.py:306: DeprecationWarning: Python versions below 3.10 are deprecated and will not be supported in future versions. Please upgrade to Python 3.10 or newer.
    return SyncPostgrestClient(

-- Docs: https://docs.pytest.org/en/stable/how-to/capture-warnings.html
======================== 56 passed, 2 warnings in 9.79s ========================
